C51 COMPILER V9.56.0.0   CYCLE                                                             01/04/2018 15:19:44 PAGE 1   


C51 COMPILER V9.56.0.0, COMPILATION OF MODULE CYCLE
OBJECT MODULE PLACED IN cycle.OBJ
COMPILER INVOKED BY: D:\Keil_v5\C51\BIN\C51.EXE cycle.c OPTIMIZE(8,SPEED) BROWSE DEBUG OBJECTEXTEND TABS(2)

line level    source

   1          #define ARRAYA
   2          #include"array.h"
   3                                                        
   4          /*******************************************************************************
   5          * ∫Ø  ˝ √˚         : cycle
   6          * ∫Ø ˝π¶ƒ‹       : ∫∫◊÷—≠ª∑œ‘ æ∫Ø ˝
   7          *  ‰    »Î         : Œﬁ
   8          *  ‰    ≥ˆ         : Œﬁ
   9          *******************************************************************************/
  10          void cycle()
  11          {   
  12   1        int k, j, ms;
  13   1      
  14   1      //--µ„’Ûœ‘ æ ˝◊È∂®“Â--//
  15   1        unsigned char tab0[] = {0x00, 0x01, 0x00, 0x02, 0x00, 0x04, 0x00, 0x08,
  16   1                                   0x00, 0x10, 0x00, 0x20, 0x00, 0x40, 0x00, 0x80,
  17   1                                   0x01, 0x00, 0x02, 0x00, 0x04, 0x00, 0x08, 0x00,
  18   1                     0x10, 0x00, 0x20, 0x00, 0x40, 0x00, 0x80, 0x00};
  19   1      
  20   1         unsigned char code tab10[] = {0,0,0,0,0,0,0,0,0,0,0,0,0,0,0,0,
  21   1                                      0,0,0,0,0,0,0,0,0,0,0,0,0,0,0,0};
  22   1      
  23   1         //--µ•--//
  24   1         unsigned char code tab1[] ={16,4,32,2,248,15,136,8,136,8,248,
  25   1                                  15,136,8,136,8,248,15,128,0,128,
  26   1                    0,254,63,128,0,128,0,0,0,0,0};
  27   1      
  28   1         //--∆¨--//
  29   1         unsigned char code tab2[] ={0,2,8,2,8,2,8,2,248,31,8,
  30   1                                  0,8,0,8,0,248,7,8,4,8,4,
  31   1                    8,4,4,4,2,4,0,0,0,0};
  32   1         //--ª˙--//
  33   1         unsigned char code tab3[] ={8,0,136,15,136,8,190,8,136,
  34   1                                  8,136,8,156,8,172,8,138,8,136,
  35   1                    8,136,8,72,40,72,40,40,48,0,0,0,0};
  36   1          //--‘≠--//
  37   1         unsigned char code tab4[] ={248,63,8,2,8,1,200,31,72,
  38   1                                  16,200,31,72,16,200,31,8,2,
  39   1                    72,18,72,34,36,34,4,2,130,3,0,0,0,0};
  40   1         //--¿Ì--//
  41   1         unsigned char code tab5[] ={0,0,192,31,94,18,72,18,
  42   1                                  200,31,72,18,94,18,200,31,8,
  43   1                    2,8,2,216,31,6,2,0,2,224,63,0,0,0,0};
  44   1         //--º∞--//
  45   1          unsigned char code tab6[] ={0,0,252,7,16,4,16,2,
  46   1                                  16,2,16,15,16,8,80,4,80,4,
  47   1                    136,2,8,1,132,2,98,12,24,48,0,0,0,0};
  48   1         //--”¶--//
  49   1          unsigned char code tab7[] ={128,0,0,1,252,63,4,0,
  50   1                                  132,0,4,17,4,18,20,18,36,16,
  51   1                    68,8,68,8,4,4,4,2,242,63,0,0,0,0};
  52   1         //--”√--//
  53   1         unsigned char code tab8[] ={0,0,248,63,8,33,8,33,8,
  54   1                                  33,248,63,8,33,8,33,248,63,8,
  55   1                    33,8,33,4,33,4,33,2,56,0,0,0,0};
C51 COMPILER V9.56.0.0   CYCLE                                                             01/04/2018 15:19:44 PAGE 2   

  56   1      
  57   1          unsigned char code tab9[] = {0,0,0,0,0,0,0,0,0,0,0,
  58   1                                   0,0,0,0,0,0,0,0,0,0,0,0,
  59   1                     0,0,0,0,0,0,0,0,0};
  60   1      
  61   1      //--∂®“Â“ª∏ˆ÷∏’Î ˝◊È÷∏œÚ√ø∏ˆ∫∫◊÷--//
  62   1        uchar *p[] = 
  63   1                    {tab10, tab1, tab2, tab3, tab4, tab5, tab6, tab7, tab8, tab9};            
  64   1        while(1)
  65   1        {
  66   2      
  67   2          for(ms = 20; ms > 0; ms--)  //“∆∂Ø∂®∏Ò ±º‰…Ë÷√
  68   2          {
  69   3            for(k = 0; k < 16; k++) //œ‘ æ“ª∏ˆ◊÷
  70   3            {             
  71   4              HC595SendData(~(*(p[0] + 2*(k+j) + 1)),~(*(p[0] + 2*(k+j) )),tab0[2*k],tab0[2*k + 1]); //“ÚŒ™◊÷ƒ£»Ìº˛»
             -°µƒ ˝◊È «∏ﬂµÁ∆Ω”––ß£¨À˘“‘¡–“™»°∑¥       
  72   4            }
  73   3            
  74   3            //--«Â∆¡--//
  75   3            HC595SendData(0xff,0xff,0,0);                      //«Â∆¡    
  76   3          } 
  77   2      
  78   2          
  79   2          j++;
  80   2          if(j == (10*13) )
  81   2          {
  82   3            j = 0; 
  83   3          }
  84   2          
  85   2        }                         
  86   1      }
  87          
  88          /*******************************************************************************
  89          * ∫Ø  ˝ √˚         : HC595SendData
  90          * ∫Ø ˝π¶ƒ‹       : Õ®π˝595∑¢ÀÕÀƒ∏ˆ◊÷Ω⁄µƒ ˝æ›
  91          *  ‰    »Î         : BT3£∫µ⁄Àƒ∏ˆ595 ‰≥ˆ ˝÷µ
  92          *                  * BT2: µ⁄»˝∏ˆ595 ‰≥ˆ ˝÷µ
  93          *                  * BT1£∫µ⁄∂˛∏ˆ595 ‰≥ˆ ˝÷µ
  94          *                  * BT0£∫µ⁄“ª∏ˆ595 ‰≥ˆ ˝÷µ
  95          *  ‰    ≥ˆ         : Œﬁ
  96          *******************************************************************************/
  97          
  98          void HC595SendData(  uchar BT3, uchar BT2,uchar BT1,uchar BT0)
  99          {  
 100   1        uchar i;
 101   1        
 102   1        //--∑¢ÀÕµ⁄“ª∏ˆ◊÷Ω⁄--//
 103   1        for(i=0;i<8;i++)
 104   1        {
 105   2          MOSIO = BT3 >> 7 ;  //¥”∏ﬂŒªµΩµÕŒª
 106   2          BT3 <<= 1;
 107   2      
 108   2          S_CLK = 0;
 109   2          S_CLK = 1;    
 110   2        }
 111   1      
 112   1        //--∑¢ÀÕµ⁄“ª∏ˆ◊÷Ω⁄--//
 113   1        for(i=0;i<8;i++)
 114   1        {
 115   2          MOSIO = BT2 >>7;    //¥”∏ﬂŒªµΩµÕŒª
 116   2          BT2 <<= 1;
C51 COMPILER V9.56.0.0   CYCLE                                                             01/04/2018 15:19:44 PAGE 3   

 117   2      
 118   2          S_CLK = 0;
 119   2          S_CLK = 1;  
 120   2        }
 121   1      
 122   1        //--∑¢ÀÕµ⁄“ª∏ˆ◊÷Ω⁄--//
 123   1        for(i=0;i<8;i++)
 124   1        {
 125   2          MOSIO = BT1 >> 7;   //¥”∏ﬂŒªµΩµÕŒª
 126   2          BT1 <<= 1;
 127   2          S_CLK = 0;
 128   2          S_CLK = 1;  
 129   2        }
 130   1      
 131   1        //--∑¢ÀÕµ⁄“ª∏ˆ◊÷Ω⁄--//
 132   1        for(i=0;i<8;i++)
 133   1        {
 134   2          MOSIO = BT0 >> 7;   //¥”∏ﬂŒªµΩµÕŒª
 135   2          BT0 <<= 1;
 136   2          S_CLK = 0;
 137   2          S_CLK = 1;
 138   2        }
 139   1         
 140   1        //-- ‰≥ˆ--//
 141   1        R_CLK = 0; //set dataline low
 142   1        R_CLK = 1; //∆¨—°
 143   1        R_CLK = 0; //set dataline low
 144   1      }
 145          
 146          
 147          
 148          
 149          
 150          


MODULE INFORMATION:   STATIC OVERLAYABLE
   CODE SIZE        =    329    ----
   CONSTANT SIZE    =    382    ----
   XDATA SIZE       =   ----    ----
   PDATA SIZE       =   ----    ----
   DATA SIZE        =   ----      72
   IDATA SIZE       =   ----    ----
   BIT SIZE         =   ----    ----
END OF MODULE INFORMATION.


C51 COMPILATION COMPLETE.  0 WARNING(S),  0 ERROR(S)
