C51 COMPILER V9.56.0.0   IRCON                                                             01/09/2018 16:44:10 PAGE 1   


C51 COMPILER V9.56.0.0, COMPILATION OF MODULE IRCON
OBJECT MODULE PLACED IN Ircon.OBJ
COMPILER INVOKED BY: D:\Keil_v5\C51\BIN\C51.EXE Ircon.c LARGE OPTIMIZE(8,SPEED) DEBUG OBJECTEXTEND PRINT(.\Listings\Irco
                    -n.lst) TABS(2)

line level    source

   1          #include "Ircon.h"
   2          
   3          uchar IrValue[6];
   4          uchar Time;
   5          uchar keyflag=1;
   6          /*******************************************************************************
   7          * 函数名         : DelayMs()
   8          * 函数功能       : 延时
   9          * 输入           : x
  10          * 输出           : 无
  11          *******************************************************************************/
  12          
  13          void DelayMs(uint x)   //0.14ms误差 0us
  14          {
  15   1        uchar i;
  16   1        while(x--)
  17   1        {
  18   2          for (i = 0; i<13; i++)
  19   2          {}
  20   2        }
  21   1      }
  22          /*******************************************************************************
  23          * 函数名         : IrInit()
  24          * 函数功能       : 初始化红外线接收
  25          * 输入           : 无
  26          * 输出           : 无
  27          *******************************************************************************/
  28          
  29          void IrInit()
  30          {
  31   1        IT0=1;//下降沿触发
  32   1        EX0=1;//打开中断0允许
  33   1        EA=1; //打开总中断
  34   1      
  35   1        IRIN=1;//初始化端口
  36   1      }
  37          /*******************************************************************************
  38          * 函数名         : ReadIr()
  39          * 函数功能       : 读取红外数值的中断函数
  40          * 输入           : 无
  41          * 输出           : 无
  42          *******************************************************************************/
  43          
  44          void ReadIr() interrupt 0
  45          {
  46   1        uchar j,k;
  47   1        uint err;
  48   1        Time=0;          
  49   1        DelayMs(70);
  50   1      
  51   1        if(IRIN==0)   //确认是否真的接收到正确的信号
  52   1        {  
  53   2          
  54   2          err=1000;       //1000*10us=10ms,超过说明接收到错误的信号
C51 COMPILER V9.56.0.0   IRCON                                                             01/09/2018 16:44:10 PAGE 2   

  55   2        
  56   2          /*当两个条件都为真是循环，如果有一个条件为假的时候跳出循环，免得程序出错的时
  57   2          侯，程序死在这里*/  
  58   2          while((IRIN==0)&&(err>0)) //等待前面9ms的低电平过去     
  59   2          {     
  60   3            DelayMs(1);
  61   3            err--;
  62   3          } 
  63   2          if(IRIN==1)     //如果正确等到9ms低电平
  64   2          {
  65   3            err=500;
  66   3            while((IRIN==1)&&(err>0))    //等待4.5ms的起始高电平过去
  67   3            {
  68   4              DelayMs(1);
  69   4              err--;
  70   4            }
  71   3            for(k=0;k<4;k++)    //共有4组数据
  72   3            {       
  73   4              for(j=0;j<8;j++)  //接收一组数据
  74   4              {
  75   5      
  76   5                err=60;   
  77   5                while((IRIN==0)&&(err>0))//等待信号前面的560us低电平过去
  78   5                {
  79   6                  DelayMs(1);
  80   6                  err--;
  81   6                }
  82   5                err=500;
  83   5                while((IRIN==1)&&(err>0))  //计算高电平的时间长度。
  84   5                {
  85   6                  DelayMs(1);//0.14ms
  86   6                  Time++;
  87   6                  err--;
  88   6                  if(Time>30)
  89   6                  {
  90   7                    EX0=1;
  91   7                    return;
  92   7                  }
  93   6                }
  94   5                IrValue[k]>>=1;  //k表示第几组数据
  95   5                if(Time>=8)     //如果高电平出现大于565us，那么是1
  96   5                {
  97   6                  IrValue[k]|=0x80;
  98   6                }
  99   5                Time=0;   //用完时间要重新赋值              
 100   5              }
 101   4            }
 102   3          }
 103   2          if(IrValue[2]!=~IrValue[3])
 104   2          {
 105   3            return;
 106   3          }
 107   2          keyflag=1;
 108   2        }     
 109   1      }


MODULE INFORMATION:   STATIC OVERLAYABLE
   CODE SIZE        =    383    ----
   CONSTANT SIZE    =   ----    ----
   XDATA SIZE       =      8       2
   PDATA SIZE       =   ----    ----
C51 COMPILER V9.56.0.0   IRCON                                                             01/09/2018 16:44:10 PAGE 3   

   DATA SIZE        =   ----    ----
   IDATA SIZE       =   ----    ----
   BIT SIZE         =   ----    ----
END OF MODULE INFORMATION.


C51 COMPILATION COMPLETE.  0 WARNING(S),  0 ERROR(S)
