C51 COMPILER V9.56.0.0   MAIN                                                              01/03/2018 16:02:48 PAGE 1   


C51 COMPILER V9.56.0.0, COMPILATION OF MODULE MAIN
OBJECT MODULE PLACED IN .\Objects\main.obj
COMPILER INVOKED BY: D:\Keil_v5\C51\BIN\C51.EXE main.c OPTIMIZE(8,SPEED) BROWSE DEBUG OBJECTEXTEND PRINT(.\Listings\main
                    -.lst) TABS(2) OBJECT(.\Objects\main.obj)

line level    source

   1          /*****************************************************************************************
   2          *                                                        *
   3          *                  LED点阵实验 (显示数字)                        *
   4              行：高电平有效，低16位  列：低电平有效,高16位
   5          
   6          ******************************************************************************************/
   7          
   8          #include <REG51.H>
   9          #include "dot.h"
  10          #include "charcode.h"
  11          #include <intrins.h>
  12          #define  NOP() _nop_()  // 定义空指令 ，这个函数在库 <intrins.h> 中
  13          
  14          
  15          
  16          //变量声明
  17          unsigned long column;   //点阵列
  18          unsigned long row;      //点阵行
  19          unsigned long dt;
  20          
  21                                                        
  22          /*************主函数*****************************/ 
  23          void main(void)
  24          {
  25   1        unsigned char n;
  26   1         int k,i,ms;
  27   1         i = 16;  
  28   1                                        //显示时间
  29   1         while(1)
  30   1         {
  31   2          for (n = 0; n <= 9; n++)
  32   2          {
  33   3            for(ms = i; ms > 0; ms--)
  34   3          {
  35   4                for(k = 0; k < 16; k++)                       //亲
  36   4              {  
  37   5                  HC595SendData(~num[n][2*k +1],~num[n][2*k],tab0[2*k],tab0[2*k + 1]);     
  38   5              }
  39   4          }
  40   3          HC595SendData(0xff,0xff,0,0);                      //清屏 
  41   3          }
  42   2         }
  43   1      }


MODULE INFORMATION:   STATIC OVERLAYABLE
   CODE SIZE        =    205    ----
   CONSTANT SIZE    =    352    ----
   XDATA SIZE       =   ----    ----
   PDATA SIZE       =   ----    ----
   DATA SIZE        =     12       7
   IDATA SIZE       =   ----    ----
   BIT SIZE         =   ----    ----
END OF MODULE INFORMATION.

C51 COMPILER V9.56.0.0   MAIN                                                              01/03/2018 16:02:48 PAGE 2   


C51 COMPILATION COMPLETE.  0 WARNING(S),  0 ERROR(S)
