C51 COMPILER V9.56.0.0   MAIN                                                              01/08/2018 23:19:34 PAGE 1   


C51 COMPILER V9.56.0.0, COMPILATION OF MODULE MAIN
OBJECT MODULE PLACED IN main.OBJ
COMPILER INVOKED BY: D:\Keil_v5\C51\BIN\C51.EXE main.c OPTIMIZE(8,SPEED) DEBUG OBJECTEXTEND PRINT(.\Listings\main.lst) T
                    -ABS(2)

line level    source

   1          //主题：红外遥控led点阵控制
   2          //作者：ZSC
   3          //日期：20180102
   4          //版本：V2
   5          //修改说明：红外遥控led点阵控制
   6          //关键词重定义
   7          #define uint unsigned int
   8          #define uchar unsigned char
   9          #define ulong unsigned long
  10          //头文件
  11          #include <reg52.h>
  12          #include "dis.h"
  13          #include "Ircon.h"
  14          #include "array.h"
  15          //函数声明
  16          void mode1(void);//显示键盘数字
  17          void mode2(void);//显示单片机原理及应用
  18          void mode3(void);//描绘图形模式
  19          void mode4(void);//显示描绘图形
  20          //主函数
  21          void main(void)
  22          {
  23   1        uchar control;
  24   1        IrInit();
  25   1        while(1)
  26   1          {//主循环 
  27   2            
  28   2      //      P0 = IrValue[2];
  29   2            control=IrValue[2];
  30   2                switch(control)//判断IrValue[2]，因为这个里面存放的是数据码
  31   2                  { 
  32   3                    case 0x0c: 
  33   3                      {
  34   4                        P0=0x01;
  35   4                        mode1();
  36   4                      }//按1键，进模式1
  37   3                      break; 
  38   3                    case 0x18: 
  39   3                        {
  40   4                          P0=0x03;
  41   4                          mode2();
  42   4                        }  //按2键，进模式2     
  43   3                      break; 
  44   3                    case 0x5e: 
  45   3                        {
  46   4                          P0=0x07;
  47   4                          mode3();
  48   4      
  49   4                        } //按3键，进模式3   
  50   3                      break;   
  51   3                    case 0x08: 
  52   3                        {
  53   4                          P0=0x0f;
  54   4                          mode4();
C51 COMPILER V9.56.0.0   MAIN                                                              01/08/2018 23:19:34 PAGE 2   

  55   4                        } //按4键，进模式4  
  56   3                      break;
  57   3                    default:
  58   3                        {
  59   4                          P0=0x00;
  60   4                          li(10);
  61   4                        }   
  62   3                      break;
  63   3                  }   
  64   2      //          HC595SendData(0xff,0xff,0,0);  //清屏
  65   2          }
  66   1        
  67   1      }
  68          void mode1()//显示键盘数字
  69          {
  70   1        uchar control;
  71   1      //  IrInit();
  72   1        while(1)
  73   1          {//模式1循环 
  74   2            
  75   2      //      P0 = IrValue[2];
  76   2            control=IrValue[2];
  77   2            if (control == 0x46)
  78   2                return;
  79   2            else
  80   2              {
  81   3                switch(control)//判断IrValue[2]，因为这个里面存放的是数据码
  82   3                  { 
  83   4                    case 0x16: li(0);//按0键，显示0 
  84   4                      break;
  85   4                    case 0x0c: li(1); //按1键，显示1
  86   4                      break; 
  87   4                    case 0x18: li(2); //按2键，显示2     
  88   4                      break; 
  89   4                    case 0x5e: li(3); //按3键，显示3   
  90   4                      break;   
  91   4                    case 0x08: li(4); //按4键，显示4  
  92   4                      break;
  93   4                    case 0x1c: li(5); //按5键，显示5  
  94   4                      break;
  95   4                    case 0x5a: li(6); //按6键，显示6  
  96   4                      break;
  97   4                    case 0x42: li(7); //按7键，显示7  
  98   4                      break;
  99   4                    case 0x52: li(8); //按8键，显示8  
 100   4                      break;
 101   4                    case 0x4a: li(9); //按9键，显示9  
 102   4                      break;
 103   4                    case 0x45: li(11); //按电源键，显示电源  
 104   4                      break;
 105   4                    case 0x47: li(12); //按静音键，显示静音  
 106   4                      break;
 107   4                    case 0x44: li(13); //按播放键，显示播放  
 108   4                      break;
 109   4                    case 0x40: li(14); //按快退键，显示快退  
 110   4                      break;
 111   4                    case 0x43: li(15); //按快进键，显示快进  
 112   4                      break;
 113   4                    case 0x07: li(16); //按EQ键，显示EQ  
 114   4                      break;
 115   4                    case 0x09: li(17); //按V+键，显示V+  
 116   4                      break;
C51 COMPILER V9.56.0.0   MAIN                                                              01/08/2018 23:19:34 PAGE 3   

 117   4                    case 0x15: li(18); //按V-键，显示V-  
 118   4                      break;
 119   4                    case 0x19: li(19); //按REP键，显示REP  
 120   4                      break;
 121   4                    case 0x0d: li(20); //按U/SD键，显示U/SD
 122   4                      break;
 123   4                    default: 
 124   4      //                li(10);
 125   4                    HC595SendData(0xff,0xff,0,0);  //清屏
 126   4                      break;
 127   4                  }   
 128   3      //          HC595SendData(0xff,0xff,0,0);  //清屏
 129   3                }
 130   2          }
 131   1      }
 132          void mode2()//显示单片机原理及应用
 133          {
 134   1        uchar control;
 135   1      //  IrInit();
 136   1        while(1)
 137   1          {//模式2循环 
 138   2            
 139   2      //      P0 = IrValue[2];
 140   2            control=IrValue[2];
 141   2            if (control == 0x46)
 142   2                return;
 143   2            else
 144   2              {
 145   3                  cycle();
 146   3               }
 147   2          }
 148   1      }
 149          void mode3()//描绘图形模式
 150          {
 151   1          uchar control;
 152   1      //  IrInit();
 153   1        while(1)
 154   1          {//模式3循环 
 155   2            
 156   2      //      P0 = IrValue[2];
 157   2            control=IrValue[2];
 158   2            if (control == 0x46)
 159   2                return;
 160   2            else
 161   2              {
 162   3                  li(8);
 163   3               }
 164   2          }
 165   1      }
 166          void mode4()//显示描绘图形
 167          {
 168   1          uchar control;
 169   1      //  IrInit();
 170   1        while(1)
 171   1          {//模式4循环 
 172   2            
 173   2      //      P0 = IrValue[2];
 174   2            control=IrValue[2];
 175   2            if (control == 0x46)
 176   2                return;
 177   2            else
 178   2              {
C51 COMPILER V9.56.0.0   MAIN                                                              01/08/2018 23:19:34 PAGE 4   

 179   3                  li(9);
 180   3               }
 181   2          }
 182   1      }
 183          //中断服务函数
 184          //void Int0_ISR(void) interrupt 0
 185          //{
 186          //
 187          //}
 188          //
 189          //void Timer0_ISR(void) interrupt 1
 190          //{
 191          //
 192          //}
 193          //
 194          //void Int1_ISR(void) interrupt 2
 195          //{
 196          //
 197          //}
 198          //
 199          //void Timer1_ISR(void) interrupt 3
 200          //{
 201          //
 202          //}
 203          //
 204          //void UART_ISR(void) interrupt 4
 205          //{
 206          //  
 207          //}


MODULE INFORMATION:   STATIC OVERLAYABLE
   CODE SIZE        =    273    ----
   CONSTANT SIZE    =   ----    ----
   XDATA SIZE       =   ----    ----
   PDATA SIZE       =   ----    ----
   DATA SIZE        =   ----    ----
   IDATA SIZE       =   ----    ----
   BIT SIZE         =   ----    ----
END OF MODULE INFORMATION.


C51 COMPILATION COMPLETE.  0 WARNING(S),  0 ERROR(S)
