C51 COMPILER V9.00   111                                                                   06/11/2019 14:31:26 PAGE 1   


C51 COMPILER V9.00, COMPILATION OF MODULE 111
OBJECT MODULE PLACED IN 111.OBJ
COMPILER INVOKED BY: d:\Keil\Keil\C51\BIN\C51.EXE 111.c BROWSE DEBUG OBJECTEXTEND

line level    source

*** WARNING C500 IN LINE 1 OF 111.C: LICENSE ERROR (R208: RENEW LICENSE ID CODE (LIC))

   1          #include<reg51.h>
   2          #include<stdio.h>
   3          #include<string.h>
   4          #include <math.h>
   5          #define uchar unsigned char
   6          #define uint unsigned int
   7          
   8          typedef unsigned int u16;
   9          typedef unsigned char u8;
  10          
  11          sbit LCDEN=P2^7;  //液晶屏三个端口定义
  12          sbit LCDRS=P2^6;
  13          sbit LCDRW=P2^5;
  14          sbit WaveA=P3^0; //参考波形
  15          sbit WaveB=P3^1; //相位变化波形
  16          sbit test=P3^7;
  17          uchar T0count=0;//T0计数
  18          //void UART_Init(void);
  19          //void Delay10ms(u16 c);
  20          void INT0_Init(void);
  21          void INT1_Init(void);
  22          void TIMER0_Init(void);
  23          void TIMER1_Init(void);
  24          void Delay(uint);       //延时函数
  25          void Write_Cmd(uchar cmd);        //写指令函数
  26          void Write_Data(uchar Data);    //写数据函数
  27          void Display_fre_phs(); 
  28          void LCD_Init();         //初始化函数
  29          
  30          
  31          u16 buf,phs,fre;
  32          u16 Frequency , Phase_Difference;
  33          int th1,tl1,th2,tl2,num1,num2,T1_num;
  34          uchar a[8];
  35          bit flag; 
  36          /*********************************************************************************************************
             -***/
  37          void main()
  38          {
  39   1              //uchar i;
  40   1              INT0_Init();                            //初始化外部中断0
  41   1              INT1_Init();                            //初始化外部中断1
  42   1              //UART_Init();                          //初始化串口
  43   1              TIMER0_Init();                          //初始化定时器0
  44   1              //TIMER1_Init();        
  45   1              LCD_Init();
  46   1              EA = 1;                                         //打开总中断
  47   1              while(1)
  48   1              {
  49   2                Display_fre_phs();
  50   2                //Delay(1000);
  51   2              }
  52   1      
  53   1      }
C51 COMPILER V9.00   111                                                                   06/11/2019 14:31:26 PAGE 2   

  54          /*********************************************************************************************************
             -***/
  55          void Write_Cmd(uchar cmd)
  56          {
  57   1       LCDEN=1;  //允许
  58   1       LCDRS=0;  //指令
  59   1       P0=cmd;   
  60   1       Delay(5);
  61   1       LCDEN=0;
  62   1      }
  63          
  64          void Write_Data(uchar Data)
  65          {
  66   1       LCDEN=1;
  67   1       LCDRS=1;  //指令
  68   1       P0=Data;  //写入
  69   1       Delay(5); //允许
  70   1       LCDEN=0;
  71   1      }
  72          
  73          void LCD_Init()
  74          {
  75   1              
  76   1       LCDRW=0;
  77   1       LCDRS=0;
  78   1       Write_Cmd(0x01); //清除屏幕显示
  79   1       Write_Cmd(0x38); //设置8位格式，2行，5*7
  80   1       Write_Cmd(0x0C); //整体显示，关光标，不闪烁
  81   1       Write_Cmd(0x06); //设定输入方式，增量不移位
  82   1       Write_Cmd(0x80); //第一行第一个字符地址
  83   1       Write_Data('f');
  84   1       Write_Data('r');
  85   1       Write_Data('e');
  86   1       Write_Data(':');
  87   1       Write_Cmd(0x80+0x40); //第二行第一个字符地址
  88   1       Write_Data('p');
  89   1       Write_Data('h');
  90   1       Write_Data('s');
  91   1       Write_Data(':');       
  92   1      }
  93          /*********************************************************************************************************
             -***/
  94          
  95          
  96          void INT0_Init(void)                    //外部中断0初始化函数
  97          {
  98   1              IT0 = 1;                                        //下降沿触发
  99   1              EX0 = 1;                                        //打开INT0的中断允许
 100   1      }
 101          
 102          void INT1_Init(void)                    //外部中断1初始化函数
 103          {
 104   1              IT1 = 1;                                        //下降沿触发
 105   1              EX1 = 1;                                        //打开INT1的中断允许
 106   1      }
 107          
 108          /*void Delay10ms(u16 c)                 //延时函数
 109          {
 110              unsigned char a, b;
 111              for (;c>0;c--)
 112                  {
 113                          for (b=38;b>0;b--)
C51 COMPILER V9.00   111                                                                   06/11/2019 14:31:26 PAGE 3   

 114                          {
 115                                  for (a=130;a>0;a--);
 116                          }          
 117                  }       
 118          }*/
 119          
 120          /*void UART_Init(void)                  //串口初始化函数
 121          {
 122                  SCON = 0X40;                            //串口通信工作方式1
 123                  TMOD |= 0X20;                           //定时器1方式2
 124                  TH1 = 0XFD;                                     //晶振11.0592MHZ，波特率设置为9600
 125                  TL1 = 0XFD;
 126                  TR1 = 1;                                        //定时器1使能
 127                  TI = 1;                                         //发送中断标志位
 128          }*/
 129          
 130          void TIMER0_Init(void)                  //定时器0初始化函数
 131          {
 132   1              TMOD |= 0X01;                           //定时器0方式1
 133   1              TH0 = 0;                                        //初值
 134   1              TL0 = 0;
 135   1              TR0 = 1;                                        //打开定时器0
 136   1              ET0 = 1;
 137   1      }
 138          
 139          
 140          
 141          void Int0() interrupt 0                 //外部中断0的中断函数
 142          {
 143   1              fre = 1000000 / (TH0 * 256 + TL0);              //单位us
 144   1              TH0 = 0;                                        //重载初值
 145   1              TL0 = 0;
 146   1      }
 147          
 148          void Int1() interrupt 2                 //外部中断1的中断函数
 149          {
 150   1              buf =( TH0*256+TL0)/1000000;            //计算两个波形下降沿时间差
 151   1              //相位差 = 时间差 * f * 360
 152   1              phs = buf * fre * 360;                          
 153   1      }
 154           
 155          /*void t1() interrupt 3                                  //定时计数器T1子程序
 156          {       uchar K;
 157              TH1=(65536-50000)/256;
 158                  TL1=(65536-50000)%256;
 159                      if(++K==20)                                    
 160                          {
 161                          TR1=TR0=K=0;                    //关两个中断
 162                              fre=TH1*256+TL1;            //当到一秒后，计下T1收到的脉冲个数,即频率
 163                                  TH1=TL1=0;                              //T1清零
 164                           }
 165          }*/  
 166          /*************************************************************/
 167          void Display_fre_phs()
 168          {
 169   1              uchar i,j;
 170   1              a[0]=fre/1000;
 171   1              a[1]=(fre%1000)/100;
 172   1              a[2]=(fre%100)/10;
 173   1              a[3]=fre%10;
 174   1              a[4]=Phase_Difference/1000;
 175   1              a[5]=(Phase_Difference%1000)/100;
C51 COMPILER V9.00   111                                                                   06/11/2019 14:31:26 PAGE 4   

 176   1              a[6]=(Phase_Difference%100)/10;
 177   1              a[7]=Phase_Difference%10;
 178   1              Write_Cmd(0x80+5);
 179   1              for(i=0;i<=3;i++)
 180   1              {
 181   2              Write_Data(a[i]+48);    
 182   2              Delay(5);
 183   2              }
 184   1              Write_Cmd(0x80+0x40+5);
 185   1              for(j=4;j<=7;j++)
 186   1              {
 187   2              Write_Data(a[j]+48);
 188   2              Delay(5);
 189   2              }
 190   1              test=0;
 191   1      }
 192          
 193          void Delay(uint i)       
 194          {
 195   1              uint j,k;
 196   1              for(k=i;k>0;k--)
 197   1              for(j=110;j>0;j--);
 198   1      }


MODULE INFORMATION:   STATIC OVERLAYABLE
   CODE SIZE        =    593    ----
   CONSTANT SIZE    =   ----    ----
   XDATA SIZE       =   ----    ----
   PDATA SIZE       =   ----    ----
   DATA SIZE        =     33       2
   IDATA SIZE       =   ----    ----
   BIT SIZE         =      1    ----
END OF MODULE INFORMATION.


C51 COMPILATION COMPLETE.  1 WARNING(S),  0 ERROR(S)
