C51 COMPILER V9.00   LCD                                                                   06/09/2019 19:08:24 PAGE 1   


C51 COMPILER V9.00, COMPILATION OF MODULE LCD
OBJECT MODULE PLACED IN lcd.OBJ
COMPILER INVOKED BY: C:\Users\45730\Videos\keil\C51\BIN\C51.EXE lcd.c BROWSE DEBUG OBJECTEXTEND

line level    source

   1          #include "lcd.h"
*** WARNING C318 IN LINE 1 OF lcd.c: can't open file 'lcd.h'
   2          
   3          /*******************************************************************************
   4          * 函 数 名         : Lcd1602_Delay1ms
   5          * 函数功能                 : 延时函数，延时1ms
   6          * 输    入         : c
   7          * 输    出         : 无
   8          * 说    名         : 该函数是在12MHZ晶振下，12分频单片机的延时。
   9          *******************************************************************************/
  10          
  11          void Lcd1602_Delay1ms(uint c)   //误差 0us
*** ERROR C141 IN LINE 11 OF LCD.C: syntax error near 'c', expected ')'
  12          {
  13   1          uchar a,b;
*** ERROR C202 IN LINE 13 OF LCD.C: 'uchar': undefined identifier
*** ERROR C141 IN LINE 13 OF LCD.C: syntax error near 'a'
  14   1              for (; c>0; c--)
*** ERROR C202 IN LINE 14 OF LCD.C: 'c': undefined identifier
  15   1              {
  16   2                       for (b=199;b>0;b--)
*** ERROR C202 IN LINE 16 OF LCD.C: 'b': undefined identifier
  17   2                       {
  18   3                              for(a=1;a>0;a--);
*** ERROR C202 IN LINE 18 OF LCD.C: 'a': undefined identifier
  19   3                       }      
  20   2              }
  21   1              
  22   1      }
  23          
  24          /*******************************************************************************
  25          * 函 数 名         : LcdWriteCom
  26          * 函数功能                 : 向LCD写入一个字节的命令
  27          * 输    入         : com
  28          * 输    出         : 无
  29          *******************************************************************************/
  30          #ifndef         LCD1602_4PINS    //当没有定义这个LCD1602_4PINS时
  31          void LcdWriteCom(uchar com)       //写入命令
*** ERROR C141 IN LINE 31 OF LCD.C: syntax error near 'com', expected ')'
  32          {
  33   1              LCD1602_E = 0;     //使能
*** ERROR C202 IN LINE 33 OF LCD.C: 'LCD1602_E': undefined identifier
  34   1              LCD1602_RS = 0;    //选择发送命令
*** ERROR C202 IN LINE 34 OF LCD.C: 'LCD1602_RS': undefined identifier
  35   1              LCD1602_RW = 0;    //选择写入
*** ERROR C202 IN LINE 35 OF LCD.C: 'LCD1602_RW': undefined identifier
  36   1              
  37   1              LCD1602_DATAPINS = com;     //放入命令
*** ERROR C202 IN LINE 37 OF LCD.C: 'LCD1602_DATAPINS': undefined identifier
  38   1              Lcd1602_Delay1ms(1);            //等待数据稳定
  39   1      
  40   1              LCD1602_E = 1;            //写入时序
*** ERROR C202 IN LINE 40 OF LCD.C: 'LCD1602_E': undefined identifier
  41   1              Lcd1602_Delay1ms(5);      //保持时间
  42   1              LCD1602_E = 0;
C51 COMPILER V9.00   LCD                                                                   06/09/2019 19:08:24 PAGE 2   

*** ERROR C202 IN LINE 42 OF LCD.C: 'LCD1602_E': undefined identifier
  43   1      }
  44          #else 
              void LcdWriteCom(uchar com)       //写入命令
              {
                      LCD1602_E = 0;   //使能清零
                      LCD1602_RS = 0;  //选择写入命令
                      LCD1602_RW = 0;  //选择写入
              
                      LCD1602_DATAPINS = com; //由于4位的接线是接到P0口的高四位，所以传送高四位不用改
                      Lcd1602_Delay1ms(1);
              
                      LCD1602_E = 1;   //写入时序
                      Lcd1602_Delay1ms(5);
                      LCD1602_E = 0;
              
                      LCD1602_DATAPINS = com << 4; //发送低四位
                      Lcd1602_Delay1ms(1);
              
                      LCD1602_E = 1;   //写入时序
                      Lcd1602_Delay1ms(5);
                      LCD1602_E = 0;
              }
              #endif
  66          /*******************************************************************************
  67          * 函 数 名         : LcdWriteData
  68          * 函数功能                 : 向LCD写入一个字节的数据
  69          * 输    入         : dat
  70          * 输    出         : 无
  71          *******************************************************************************/                   
  72          #ifndef         LCD1602_4PINS              
  73          void LcdWriteData(uchar dat)                    //写入数据
*** ERROR C141 IN LINE 73 OF LCD.C: syntax error near 'dat', expected ')'
  74          {
  75   1              LCD1602_E = 0;  //使能清零
*** ERROR C202 IN LINE 75 OF LCD.C: 'LCD1602_E': undefined identifier
  76   1              LCD1602_RS = 1; //选择输入数据
*** ERROR C202 IN LINE 76 OF LCD.C: 'LCD1602_RS': undefined identifier
  77   1              LCD1602_RW = 0; //选择写入
*** ERROR C202 IN LINE 77 OF LCD.C: 'LCD1602_RW': undefined identifier
  78   1      
  79   1              LCD1602_DATAPINS = dat; //写入数据
*** ERROR C202 IN LINE 79 OF LCD.C: 'LCD1602_DATAPINS': undefined identifier
  80   1              Lcd1602_Delay1ms(1);
  81   1      
  82   1              LCD1602_E = 1;   //写入时序
*** ERROR C202 IN LINE 82 OF LCD.C: 'LCD1602_E': undefined identifier
  83   1              Lcd1602_Delay1ms(5);   //保持时间
  84   1              LCD1602_E = 0;
*** ERROR C202 IN LINE 84 OF LCD.C: 'LCD1602_E': undefined identifier
  85   1      }
  86          #else
              void LcdWriteData(uchar dat)                    //写入数据
              {
                      LCD1602_E = 0;    //使能清零
                      LCD1602_RS = 1;   //选择写入数据
                      LCD1602_RW = 0;   //选择写入
              
                      LCD1602_DATAPINS = dat; //由于4位的接线是接到P0口的高四位，所以传送高四位不用改
                      Lcd1602_Delay1ms(1);
              
                      LCD1602_E = 1;    //写入时序
C51 COMPILER V9.00   LCD                                                                   06/09/2019 19:08:24 PAGE 3   

                      Lcd1602_Delay1ms(5);
                      LCD1602_E = 0;
              
                      LCD1602_DATAPINS = dat << 4; //写入低四位
                      Lcd1602_Delay1ms(1);
              
                      LCD1602_E = 1;    //写入时序
                      Lcd1602_Delay1ms(5);
                      LCD1602_E = 0;
              }
              #endif
 108          /*******************************************************************************
 109          * 函 数 名       : LcdInit()
 110          * 函数功能               : 初始化LCD屏
 111          * 输    入       : 无
 112          * 输    出       : 无
 113          *******************************************************************************/                   
 114          #ifndef         LCD1602_4PINS
 115          void LcdInit()                                            //LCD初始化子程序
 116          {
 117   1              LcdWriteCom(0x38);  //开显示
 118   1              LcdWriteCom(0x0c);  //开显示不显示光标
 119   1              LcdWriteCom(0x06);  //写一个指针加1
 120   1              LcdWriteCom(0x01);  //清屏
 121   1              LcdWriteCom(0x80);  //设置数据指针起点
 122   1      }
 123          #else
              void LcdInit()                                            //LCD初始化子程序
              {
                      LcdWriteCom(0x32);       //将8位总线转为4位总线
                      LcdWriteCom(0x28);       //在四位线下的初始化
                      LcdWriteCom(0x0c);  //开显示不显示光标
                      LcdWriteCom(0x06);  //写一个指针加1
                      LcdWriteCom(0x01);  //清屏
                      LcdWriteCom(0x80);  //设置数据指针起点
              }
              #endif

C51 COMPILATION COMPLETE.  1 WARNING(S),  20 ERROR(S)
