C51 COMPILER V9.56.0.0   MAIN                                                              01/09/2018 15:52:37 PAGE 1   


C51 COMPILER V9.56.0.0, COMPILATION OF MODULE MAIN
OBJECT MODULE PLACED IN main.OBJ
COMPILER INVOKED BY: D:\Keil_v5\C51\BIN\C51.EXE main.c OPTIMIZE(8,SPEED) DEBUG OBJECTEXTEND PRINT(.\Listings\main.lst) T
                    -ABS(2)

line level    source

   1          //主题：红外遥控led点阵控制
   2          //作者：ZSC
   3          //日期：20180102
   4          //版本：V2
   5          //修改说明：红外遥控led点阵控制
   6          //关键词重定义
   7          #define uint unsigned int
   8          #define uchar unsigned char
   9          #define ulong unsigned long
  10          //头文件
  11          #include <reg52.h>
  12          #include "dis.h"
  13          #include "Ircon.h"
  14          #include "array.h"
  15          //函数声明
  16          void mode1(void);//显示键盘数字
  17          void mode2(void);//显示单片机原理及应用
  18          void mode3(void);//描绘图形模式
  19          void mode4(void);//显示描绘图形
  20          //主函数
  21          void main(void)
  22          {
  23   1        uchar control;
  24   1        IrInit();
  25   1        while(1)
  26   1          {//主循环 
  27   2            
  28   2      //      P0 = IrValue[2];
  29   2            control=IrValue[2];
  30   2                switch(control)//判断IrValue[2]，因为这个里面存放的是数据码
  31   2                  { 
  32   3                    case 0x0c: 
  33   3                      {
  34   4                        P0=0x01;
  35   4                        mode1();
  36   4                      }//按1键，进模式1
  37   3                      break; 
  38   3                    case 0x18: 
  39   3                        {
  40   4                          P0=0x03;
  41   4                          cycle();
  42   4      //                    mode2();
  43   4                        }  //按2键，进模式2     
  44   3                      break; 
  45   3                    case 0x5e: 
  46   3                        {
  47   4                          P0=0x07;
  48   4                          mode3();
  49   4      
  50   4                        } //按3键，进模式3   
  51   3                      break;   
  52   3                    case 0x08: 
  53   3                        {
  54   4                          P0=0x0f;
C51 COMPILER V9.56.0.0   MAIN                                                              01/09/2018 15:52:37 PAGE 2   

  55   4                          mode4();
  56   4                        } //按4键，进模式4  
  57   3                      break;
  58   3                    default:
  59   3                        {
  60   4                          P0=0x00;
  61   4                          li(10);
  62   4                        }   
  63   3                      break;
  64   3                  }   
  65   2      //          HC595SendData(0xff,0xff,0,0);  //清屏
  66   2          }
  67   1        
  68   1      }
  69          void mode1()//显示键盘数字
  70          {
  71   1        uchar control;
  72   1      //  IrInit();
  73   1        while(1)
  74   1          {//模式1循环 
  75   2            
  76   2      //      P0 = IrValue[2];
  77   2            control=IrValue[2];
  78   2            if (control == 0x46)
  79   2                return;
  80   2            else
  81   2              {
  82   3                switch(control)//判断IrValue[2]，因为这个里面存放的是数据码
  83   3                  { 
  84   4                    case 0x16: li(0);//按0键，显示0 
  85   4                      break;
  86   4                    case 0x0c: li(1); //按1键，显示1
  87   4                      break; 
  88   4                    case 0x18: li(2); //按2键，显示2     
  89   4                      break; 
  90   4                    case 0x5e: li(3); //按3键，显示3   
  91   4                      break;   
  92   4                    case 0x08: li(4); //按4键，显示4  
  93   4                      break;
  94   4                    case 0x1c: li(5); //按5键，显示5  
  95   4                      break;
  96   4                    case 0x5a: li(6); //按6键，显示6  
  97   4                      break;
  98   4                    case 0x42: li(7); //按7键，显示7  
  99   4                      break;
 100   4                    case 0x52: li(8); //按8键，显示8  
 101   4                      break;
 102   4                    case 0x4a: li(9); //按9键，显示9  
 103   4                      break;
 104   4                    case 0x45: li(11); //按电源键，显示电源  
 105   4                      break;
 106   4                    case 0x47: li(12); //按静音键，显示静音  
 107   4                      break;
 108   4                    case 0x44: li(13); //按播放键，显示播放  
 109   4                      break;
 110   4                    case 0x40: li(14); //按快退键，显示快退  
 111   4                      break;
 112   4                    case 0x43: li(15); //按快进键，显示快进  
 113   4                      break;
 114   4                    case 0x07: li(16); //按EQ键，显示EQ  
 115   4                      break;
 116   4                    case 0x09: li(17); //按V+键，显示V+  
C51 COMPILER V9.56.0.0   MAIN                                                              01/09/2018 15:52:37 PAGE 3   

 117   4                      break;
 118   4                    case 0x15: li(18); //按V-键，显示V-  
 119   4                      break;
 120   4                    case 0x19: li(19); //按REP键，显示REP  
 121   4                      break;
 122   4                    case 0x0d: li(20); //按U/SD键，显示U/SD
 123   4                      break;
 124   4                    default: 
 125   4      //                li(10);
 126   4                    HC595SendData(0xff,0xff,0,0);  //清屏
 127   4                      break;
 128   4                  }   
 129   3      //          HC595SendData(0xff,0xff,0,0);  //清屏
 130   3                }
 131   2          }
 132   1      }
 133          //void mode2()//显示单片机原理及应用
 134          //{
 135          //  uchar control;
 136          ////  IrInit();
 137          //  while(1)
 138          //    {//模式2循环 
 139          //      
 140          ////      P0 = IrValue[2];
 141          //      control=IrValue[2];
 142          //      if (control == 0x46)
 143          //          return;
 144          //      else
 145          //        {
 146          //            cycle();
 147          //         }
 148          //    }
 149          //}
 150          void mode3()//描绘图形模式
 151          {
 152   1          uchar control;
 153   1      //  IrInit();
 154   1        while(1)
 155   1          {//模式3循环 
 156   2            
 157   2      //      P0 = IrValue[2];
 158   2            control=IrValue[2];
 159   2            if (control == 0x46)
 160   2                return;
 161   2            else
 162   2              {
 163   3                  li(8);
 164   3               }
 165   2          }
 166   1      }
 167          void mode4()//显示描绘图形
 168          {
 169   1          uchar control;
 170   1      //  IrInit();
 171   1        while(1)
 172   1          {//模式4循环 
 173   2            
 174   2      //      P0 = IrValue[2];
 175   2            control=IrValue[2];
 176   2            if (control == 0x46)
 177   2                return;
 178   2            else
C51 COMPILER V9.56.0.0   MAIN                                                              01/09/2018 15:52:37 PAGE 4   

 179   2              {
 180   3                  li(9);
 181   3               }
 182   2          }
 183   1      }
 184          //中断服务函数
 185          //void Int0_ISR(void) interrupt 0
 186          //{
 187          //
 188          //}
 189          //
 190          //void Timer0_ISR(void) interrupt 1
 191          //{
 192          //
 193          //}
 194          //
 195          //void Int1_ISR(void) interrupt 2
 196          //{
 197          //
 198          //}
 199          //
 200          //void Timer1_ISR(void) interrupt 3
 201          //{
 202          //
 203          //}
 204          //
 205          //void UART_ISR(void) interrupt 4
 206          //{
 207          //  
 208          //}


MODULE INFORMATION:   STATIC OVERLAYABLE
   CODE SIZE        =    262    ----
   CONSTANT SIZE    =   ----    ----
   XDATA SIZE       =   ----    ----
   PDATA SIZE       =   ----    ----
   DATA SIZE        =   ----    ----
   IDATA SIZE       =   ----    ----
   BIT SIZE         =   ----    ----
END OF MODULE INFORMATION.


C51 COMPILATION COMPLETE.  0 WARNING(S),  0 ERROR(S)
